<?xml version="1.0" encoding="UTF-8"?>
<testng-results skipped="0" failed="0" total="1" passed="1">
  <reporter-output>
  </reporter-output>
  <suite name="Default suite" duration-ms="42337" started-at="2020-11-21T14:31:52Z" finished-at="2020-11-21T14:32:35Z">
    <groups>
    </groups>
    <test name="Default test" duration-ms="42337" started-at="2020-11-21T14:31:52Z" finished-at="2020-11-21T14:32:35Z">
      <class name="PopUpPractise.PopUpClass">
        <test-method status="PASS" signature="popUpDetails()[pri:0, instance:PopUpPractise.PopUpClass@5b87ed94]" name="popUpDetails" duration-ms="42305" started-at="2020-11-21T20:01:52Z" finished-at="2020-11-21T20:02:35Z">
          <reporter-output>
          </reporter-output>
        </test-method> <!-- popUpDetails -->
      </class> <!-- PopUpPractise.PopUpClass -->
    </test> <!-- Default test -->
  </suite> <!-- Default suite -->
</testng-results>
